#
# There is insufficient memory for the Java Runtime Environment to continue.
# Native memory allocation (malloc) failed to allocate 1048576 bytes for AllocateHeap
# Possible reasons:
#   The system is out of physical RAM or swap space
#   The process is running with CompressedOops enabled, and the Java Heap may be blocking the growth of the native heap
# Possible solutions:
#   Reduce memory load on the system
#   Increase physical memory or swap space
#   Check if swap backing store is full
#   Decrease Java heap size (-Xmx/-Xms)
#   Decrease number of Java threads
#   Decrease Java thread stack sizes (-Xss)
#   Set larger code cache with -XX:ReservedCodeCacheSize=
#   JVM is running with Unscaled Compressed Oops mode in which the Java heap is
#     placed in the first 4GB address space. The Java Heap base address is the
#     maximum limit for the native heap growth. Please use -XX:HeapBaseMinAddress
#     to set the Java Heap base and to place the Java Heap above 4GB virtual address.
# This output file may be truncated or incomplete.
#
#  Out of Memory Error (allocation.cpp:44), pid=34812, tid=24256
#
# JRE version:  (19.0+36) (build )
# Java VM: Java HotSpot(TM) 64-Bit Server VM (19+36-2238, mixed mode, sharing, tiered, compressed oops, compressed class ptrs, g1 gc, windows-amd64)
# No core dump will be written. Minidumps are not enabled by default on client versions of Windows
#

---------------  S U M M A R Y ------------

Command Line: --enable-preview -XX:+ShowCodeDetailsInExceptionMessages makepayment

Host: AMD Ryzen 5 5500U with Radeon Graphics         , 12 cores, 7G,  Windows 11 , 64 bit Build 22621 (10.0.22621.1105)
Time: Wed Jan 25 22:33:22 2023 India Standard Time elapsed time: 0.023408 seconds (0d 0h 0m 0s)

---------------  T H R E A D  ---------------

Current thread (0x0000020c6e9b84a0):  JavaThread "Unknown thread" [_thread_in_vm, id=24256, stack(0x0000004ac6100000,0x0000004ac6200000)]

Stack: [0x0000004ac6100000,0x0000004ac6200000]
Native frames: (J=compiled Java code, j=interpreted, Vv=VM code, C=native code)
V  [jvm.dll+0x6ee8fa]
V  [jvm.dll+0x857a1e]
V  [jvm.dll+0x85940e]
V  [jvm.dll+0x859ac3]
V  [jvm.dll+0x28291f]
V  [jvm.dll+0xc40eb]
V  [jvm.dll+0x335479]
V  [jvm.dll+0x32d574]
V  [jvm.dll+0x821b20]
V  [jvm.dll+0x3c27c1]
V  [jvm.dll+0x8022f1]
V  [jvm.dll+0x44b30f]
V  [jvm.dll+0x44cc91]
C  [jli.dll+0x5287]
C  [ucrtbase.dll+0x29363]
C  [KERNEL32.DLL+0x126bd]
C  [ntdll.dll+0x5dfb8]


---------------  P R O C E S S  ---------------

Threads class SMR info:
_java_thread_list=0x00007fffe48bd048, length=0, elements={
}

Java Threads: ( => current thread )

Other Threads:
  0x0000020c6ea161c0 WorkerThread "GC Thread#0" [stack: 0x0000004ac6200000,0x0000004ac6300000] [id=17856]

[error occurred during error reporting (printing all threads), id 0xc0000005, EXCEPTION_ACCESS_VIOLATION (0xc0000005) at pc=0x00007fffe407a630]

VM state: not at safepoint (not fully initialized)

VM Mutex/Monitor currently owned by a thread:  ([mutex/lock_event])
[0x0000020c6e9b59f0] Heap_lock - owner thread: 0x0000020c6e9b84a0

Heap address: 0x000000008a800000, size: 1880 MB, Compressed Oops mode: 32-bit

CDS archive(s) mapped at: [0x0000000000000000-0x0000000000000000-0x0000000000000000), size 0, SharedBaseAddress: 0x0000000800000000, ArchiveRelocationMode: 0.
Narrow klass base: 0x0000000000000000, Narrow klass shift: 0, Narrow klass range: 0x0

GC Precious Log:
 CardTable entry size: 512
 Card Set container configuration: InlinePtr #cards 5 size 8 Array Of Cards #cards 12 size 40 Howl #buckets 4 coarsen threshold 1843 Howl Bitmap #cards 512 size 80 coarsen threshold 460 Card regions per heap region 1 cards per card region 2048

Heap:
 garbage-first heap   total 0K, used 0K [0x000000008a800000, 0x0000000100000000)
  region size 1024K, 0 young (0K), 0 survivors (0K)

[error occurred during error reporting (printing heap information), id 0xc0000005, EXCEPTION_ACCESS_VIOLATION (0xc0000005) at pc=0x00007fffe4486959]

GC Heap History (0 events):
No events

Dll operation events (1 events):
Event: 0.013 Loaded shared library C:\Users\harry\Downloads\jdk-19_windows-x64_bin\jdk-19\bin\java.dll

Deoptimization events (0 events):
No events

Classes loaded (0 events):
No events

Classes unloaded (0 events):
No events

Classes redefined (0 events):
No events

Internal exceptions (0 events):
No events

VM Operations (0 events):
No events

Events (0 events):
No events


Dynamic libraries:
0x00007ff723520000 - 0x00007ff723530000 	C:\Users\harry\Downloads\jdk-19_windows-x64_bin\jdk-19\bin\java.exe
0x00007ff844810000 - 0x00007ff844a24000 	C:\WINDOWS\SYSTEM32\ntdll.dll
0x00007ff843390000 - 0x00007ff843453000 	C:\WINDOWS\System32\KERNEL32.DLL
0x00007ff842260000 - 0x00007ff8425fd000 	C:\WINDOWS\System32\KERNELBASE.dll
0x00007ff841f60000 - 0x00007ff842071000 	C:\WINDOWS\System32\ucrtbase.dll
0x00007ff82ee60000 - 0x00007ff82ee78000 	C:\Users\harry\Downloads\jdk-19_windows-x64_bin\jdk-19\bin\jli.dll
0x00007ff843020000 - 0x00007ff8430ce000 	C:\WINDOWS\System32\ADVAPI32.dll
0x00007ff843620000 - 0x00007ff8436c7000 	C:\WINDOWS\System32\msvcrt.dll
0x00007ff831210000 - 0x00007ff83122b000 	C:\Users\harry\Downloads\jdk-19_windows-x64_bin\jdk-19\bin\VCRUNTIME140.dll
0x00007ff843950000 - 0x00007ff8439f4000 	C:\WINDOWS\System32\sechost.dll
0x00007ff842630000 - 0x00007ff842745000 	C:\WINDOWS\System32\RPCRT4.dll
0x00007ff843460000 - 0x00007ff84360d000 	C:\WINDOWS\System32\USER32.dll
0x00007ff842140000 - 0x00007ff842166000 	C:\WINDOWS\System32\win32u.dll
0x00007ff842600000 - 0x00007ff842629000 	C:\WINDOWS\System32\GDI32.dll
0x00007ff828310000 - 0x00007ff82859e000 	C:\WINDOWS\WinSxS\amd64_microsoft.windows.common-controls_6595b64144ccf1df_6.0.22621.608_none_a9444ca7c10bb01d\COMCTL32.dll
0x00007ff841e40000 - 0x00007ff841f52000 	C:\WINDOWS\System32\gdi32full.dll
0x00007ff841da0000 - 0x00007ff841e3a000 	C:\WINDOWS\System32\msvcp_win.dll
0x00007ff838f40000 - 0x00007ff838f4a000 	C:\WINDOWS\SYSTEM32\VERSION.dll
0x00007ff843b90000 - 0x00007ff843bc2000 	C:\WINDOWS\System32\IMM32.DLL
0x00007ff8356b0000 - 0x00007ff8356bc000 	C:\Users\harry\Downloads\jdk-19_windows-x64_bin\jdk-19\bin\vcruntime140_1.dll
0x00007fffe8e30000 - 0x00007fffe8ebe000 	C:\Users\harry\Downloads\jdk-19_windows-x64_bin\jdk-19\bin\msvcp140.dll
0x00007fffe3d40000 - 0x00007fffe4a00000 	C:\Users\harry\Downloads\jdk-19_windows-x64_bin\jdk-19\bin\server\jvm.dll
0x00007ff839f30000 - 0x00007ff839f64000 	C:\WINDOWS\SYSTEM32\WINMM.dll
0x00007ff8262d0000 - 0x00007ff8262d9000 	C:\WINDOWS\SYSTEM32\WSOCK32.dll
0x00007ff842b20000 - 0x00007ff842b91000 	C:\WINDOWS\System32\WS2_32.dll
0x00007ff840c50000 - 0x00007ff840c68000 	C:\WINDOWS\SYSTEM32\kernel.appcore.dll
0x00007ff830180000 - 0x00007ff83018a000 	C:\Users\harry\Downloads\jdk-19_windows-x64_bin\jdk-19\bin\jimage.dll
0x00007ff83f6c0000 - 0x00007ff83f8ee000 	C:\WINDOWS\SYSTEM32\DBGHELP.DLL
0x00007ff844440000 - 0x00007ff8447ca000 	C:\WINDOWS\System32\combase.dll
0x00007ff843290000 - 0x00007ff843367000 	C:\WINDOWS\System32\OLEAUT32.dll
0x00007ff82b800000 - 0x00007ff82b832000 	C:\WINDOWS\SYSTEM32\dbgcore.DLL
0x00007ff8421e0000 - 0x00007ff84225b000 	C:\WINDOWS\System32\bcryptPrimitives.dll
0x00007ff823060000 - 0x00007ff823086000 	C:\Users\harry\Downloads\jdk-19_windows-x64_bin\jdk-19\bin\java.dll

dbghelp: loaded successfully - version: 4.0.5 - missing functions: none
symbol engine: initialized successfully - sym options: 0x614 - pdb path: .;C:\Users\harry\Downloads\jdk-19_windows-x64_bin\jdk-19\bin;C:\WINDOWS\SYSTEM32;C:\WINDOWS\WinSxS\amd64_microsoft.windows.common-controls_6595b64144ccf1df_6.0.22621.608_none_a9444ca7c10bb01d;C:\Users\harry\Downloads\jdk-19_windows-x64_bin\jdk-19\bin\server

VM Arguments:
jvm_args: --enable-preview -XX:+ShowCodeDetailsInExceptionMessages 
java_command: makepayment
java_class_path (initial): C:\Users\harry\AppData\Roaming\Code\User\workspaceStorage\7ed57787b68b6dc1c5643fa89dc496e5\redhat.java\jdt_ws\House-construction-management-system_80786456\bin;c:\Users\harry\Downloads\postgresql-42.5.1.jar
Launcher Type: SUN_STANDARD

[Global flags]
     intx CICompilerCount                          = 4                                         {product} {ergonomic}
     uint ConcGCThreads                            = 3                                         {product} {ergonomic}
     uint G1ConcRefinementThreads                  = 10                                        {product} {ergonomic}
   size_t G1HeapRegionSize                         = 1048576                                   {product} {ergonomic}
    uintx GCDrainStackTargetSize                   = 64                                        {product} {ergonomic}
   size_t InitialHeapSize                          = 123731968                                 {product} {ergonomic}
   size_t MarkStackSize                            = 4194304                                   {product} {ergonomic}
   size_t MaxHeapSize                              = 1971322880                                {product} {ergonomic}
   size_t MinHeapDeltaBytes                        = 1048576                                   {product} {ergonomic}
   size_t MinHeapSize                              = 8388608                                   {product} {ergonomic}
    uintx NonNMethodCodeHeapSize                   = 5839372                                {pd product} {ergonomic}
    uintx NonProfiledCodeHeapSize                  = 122909434                              {pd product} {ergonomic}
    uintx ProfiledCodeHeapSize                     = 122909434                              {pd product} {ergonomic}
    uintx ReservedCodeCacheSize                    = 251658240                              {pd product} {ergonomic}
     bool SegmentedCodeCache                       = true                                      {product} {ergonomic}
     bool ShowCodeDetailsInExceptionMessages       = true                                   {manageable} {command line}
   size_t SoftMaxHeapSize                          = 1971322880                             {manageable} {ergonomic}
     bool UseCompressedClassPointers               = true                           {product lp64_product} {ergonomic}
     bool UseCompressedOops                        = true                           {product lp64_product} {ergonomic}
     bool UseG1GC                                  = true                                      {product} {ergonomic}
     bool UseLargePagesIndividualAllocation        = false                                  {pd product} {ergonomic}

Logging:
Log output configuration:
 #0: stdout all=warning uptime,level,tags foldmultilines=false
 #1: stderr all=off uptime,level,tags foldmultilines=false

Environment Variables:
PATH=C:\Windows\system32;C:\Windows;C:\Windows\System32\Wbem;C:\Windows\System32\WindowsPowerShell\v1.0\;C:\Windows\System32\OpenSSH\;C:\Program Files\mingw-w64\mingw64\bin;C:\Program Files\NVIDIA Corporation\NVIDIA NvDLISR;C:\WINDOWS\system32;C:\WINDOWS;C:\WINDOWS\System32\Wbem;C:\WINDOWS\System32\WindowsPowerShell\v1.0\;C:\WINDOWS\System32\OpenSSH\;C:\Program Files\dotnet\;C:\Program Files\010 Editor;C:\TDM-GCC-64\bin;C:\Program Files\Go\bin;C:\Program Files\Git\cmd;C:\Program Files\nodejs\;C:\Users\harry\AppData\Local\Programs\Python\Python310\Scripts\;C:\Users\harry\AppData\Local\Programs\Python\Python310\;C:\Users\harry\AppData\Local\Microsoft\WindowsApps;C:\Users\harry\AppData\Local\Programs\Microsoft VS Code\bin;C:\Users\harry\go\bin;C:\Users\harry\AppData\Local\GitHubDesktop\bin;C:\Users\harry\AppData\Roaming\npm;C:\Program Files\PostgreSQL\14\bin;C:\Program Files\PostgreSQL\14\lib;
USERNAME=harry
LANG=en_US.UTF-8
OS=Windows_NT
PROCESSOR_IDENTIFIER=AMD64 Family 23 Model 104 Stepping 1, AuthenticAMD
TMP=C:\Users\harry\AppData\Local\Temp
TEMP=C:\Users\harry\AppData\Local\Temp



---------------  S Y S T E M  ---------------

OS:
 Windows 11 , 64 bit Build 22621 (10.0.22621.1105)
OS uptime: 4 days 10:39 hours
Hyper-V role detected

CPU: total 12 (initial active 12) (12 cores per cpu, 2 threads per core) family 23 model 104 stepping 1 microcode 0x0, cx8, cmov, fxsr, ht, mmx, 3dnowpref, sse, sse2, sse3, ssse3, sse4a, sse4.1, sse4.2, popcnt, lzcnt, tsc, tscinvbit, avx, avx2, aes, clmul, bmi1, bmi2, adx, sha, fma, vzeroupper, clflush, clflushopt, hv, rdtscp, rdpid

Memory: 4k page, system-wide physical 7514M (796M free)
TotalPageFile size 31066M (AvailPageFile size 5M)
current process WorkingSet (physical memory assigned to process): 11M, peak: 11M
current process commit charge ("private bytes"): 62M, peak: 63M

vm_info: Java HotSpot(TM) 64-Bit Server VM (19+36-2238) for windows-amd64 JRE (19+36-2238), built on 2022-08-12T20:29:01Z by "mach5one" with MS VC++ 17.1 (VS2022)

END.
