#
# There is insufficient memory for the Java Runtime Environment to continue.
# Native memory allocation (malloc) failed to allocate 1448320 bytes for Chunk::new
# Possible reasons:
#   The system is out of physical RAM or swap space
#   The process is running with CompressedOops enabled, and the Java Heap may be blocking the growth of the native heap
# Possible solutions:
#   Reduce memory load on the system
#   Increase physical memory or swap space
#   Check if swap backing store is full
#   Decrease Java heap size (-Xmx/-Xms)
#   Decrease number of Java threads
#   Decrease Java thread stack sizes (-Xss)
#   Set larger code cache with -XX:ReservedCodeCacheSize=
#   JVM is running with Unscaled Compressed Oops mode in which the Java heap is
#     placed in the first 4GB address space. The Java Heap base address is the
#     maximum limit for the native heap growth. Please use -XX:HeapBaseMinAddress
#     to set the Java Heap base and to place the Java Heap above 4GB virtual address.
# This output file may be truncated or incomplete.
#
#  Out of Memory Error (arena.cpp:184), pid=30840, tid=16872
#
# JRE version: Java(TM) SE Runtime Environment (19.0+36) (build 19+36-2238)
# Java VM: Java HotSpot(TM) 64-Bit Server VM (19+36-2238, mixed mode, sharing, tiered, compressed oops, compressed class ptrs, g1 gc, windows-amd64)
# No core dump will be written. Minidumps are not enabled by default on client versions of Windows
#

---------------  S U M M A R Y ------------

Command Line: --enable-preview -XX:+ShowCodeDetailsInExceptionMessages Admin

Host: AMD Ryzen 5 5500U with Radeon Graphics         , 12 cores, 7G,  Windows 11 , 64 bit Build 22621 (10.0.22621.1105)
Time: Sat Jan 21 11:53:04 2023 India Standard Time elapsed time: 0.992783 seconds (0d 0h 0m 0s)

---------------  T H R E A D  ---------------

Current thread (0x000001614e991630):  JavaThread "C2 CompilerThread0" daemon [_thread_in_native, id=16872, stack(0x0000003d85400000,0x0000003d85500000)]


Current CompileTask:
C2:    992  895   !   4       sun.awt.image.PNGImageDecoder::produceImage (1917 bytes)

Stack: [0x0000003d85400000,0x0000003d85500000]
Native frames: (J=compiled Java code, j=interpreted, Vv=VM code, C=native code)
V  [jvm.dll+0x6ee8fa]
V  [jvm.dll+0x857a1e]
V  [jvm.dll+0x85940e]
V  [jvm.dll+0x859ac3]
V  [jvm.dll+0x28291f]
V  [jvm.dll+0xc9b5f]
V  [jvm.dll+0xc9ee5]
V  [jvm.dll+0x3bcbac]
V  [jvm.dll+0x1ee31a]
V  [jvm.dll+0x24c41b]
V  [jvm.dll+0x24b671]
V  [jvm.dll+0x1d6d61]
V  [jvm.dll+0x25b0fa]
V  [jvm.dll+0x259588]
V  [jvm.dll+0x807928]
V  [jvm.dll+0x8015fa]
V  [jvm.dll+0x6ed5eb]
C  [ucrtbase.dll+0x29363]
C  [KERNEL32.DLL+0x126bd]
C  [ntdll.dll+0x5dfb8]


---------------  P R O C E S S  ---------------

Threads class SMR info:
_java_thread_list=0x0000016152cf1f80, length=19, elements={
0x000001614e984910, 0x000001614e989260, 0x000001614e989b90, 0x000001614e98a4c0,
0x000001614e98ce00, 0x000001614e990750, 0x000001614e991630, 0x000001614e999fb0,
0x000001614e99c930, 0x0000016152ce8e30, 0x0000016152ceeca0, 0x0000016152f3e080,
0x0000016152f41080, 0x0000016152f48090, 0x0000016153738010, 0x00000161538c2690,
0x00000161538b15c0, 0x0000016152f59020, 0x0000016152f58ad0
}

Java Threads: ( => current thread )
  0x000001614e984910 JavaThread "Reference Handler" daemon [_thread_blocked, id=9016, stack(0x0000003d84e00000,0x0000003d84f00000)]
  0x000001614e989260 JavaThread "Finalizer" daemon [_thread_blocked, id=23240, stack(0x0000003d84f00000,0x0000003d85000000)]
  0x000001614e989b90 JavaThread "Signal Dispatcher" daemon [_thread_blocked, id=29472, stack(0x0000003d85000000,0x0000003d85100000)]
  0x000001614e98a4c0 JavaThread "Attach Listener" daemon [_thread_blocked, id=6772, stack(0x0000003d85100000,0x0000003d85200000)]
  0x000001614e98ce00 JavaThread "Service Thread" daemon [_thread_blocked, id=16844, stack(0x0000003d85200000,0x0000003d85300000)]
  0x000001614e990750 JavaThread "Monitor Deflation Thread" daemon [_thread_blocked, id=14544, stack(0x0000003d85300000,0x0000003d85400000)]
=>0x000001614e991630 JavaThread "C2 CompilerThread0" daemon [_thread_in_native, id=16872, stack(0x0000003d85400000,0x0000003d85500000)]
  0x000001614e999fb0 JavaThread "C1 CompilerThread0" daemon [_thread_blocked, id=30308, stack(0x0000003d85500000,0x0000003d85600000)]
  0x000001614e99c930 JavaThread "Sweeper thread" daemon [_thread_blocked, id=17040, stack(0x0000003d85600000,0x0000003d85700000)]
  0x0000016152ce8e30 JavaThread "Notification Thread" daemon [_thread_blocked, id=5704, stack(0x0000003d85700000,0x0000003d85800000)]
  0x0000016152ceeca0 JavaThread "Common-Cleaner" daemon [_thread_blocked, id=1640, stack(0x0000003d85900000,0x0000003d85a00000)]
  0x0000016152f3e080 JavaThread "Java2D Disposer" daemon [_thread_blocked, id=4412, stack(0x0000003d85a00000,0x0000003d85b00000)]
  0x0000016152f41080 JavaThread "AWT-Shutdown" [_thread_blocked, id=15472, stack(0x0000003d85b00000,0x0000003d85c00000)]
  0x0000016152f48090 JavaThread "AWT-Windows" daemon [_thread_in_native, id=20664, stack(0x0000003d85c00000,0x0000003d85d00000)]
  0x0000016153738010 JavaThread "Image Fetcher 0" daemon [_thread_blocked, id=3500, stack(0x0000003d86700000,0x0000003d86800000)]
  0x00000161538c2690 JavaThread "Image Fetcher 1" daemon [_thread_blocked, id=14444, stack(0x0000003d86800000,0x0000003d86900000)]
  0x00000161538b15c0 JavaThread "AWT-EventQueue-0" [_thread_in_native, id=16116, stack(0x0000003d86900000,0x0000003d86a00000)]
  0x0000016152f59020 JavaThread "DestroyJavaVM" [_thread_blocked, id=25144, stack(0x0000003d84700000,0x0000003d84800000)]
  0x0000016152f58ad0 JavaThread "D3D Screen Updater" daemon [_thread_blocked, id=25328, stack(0x0000003d86a00000,0x0000003d86b00000)]

Other Threads:
  0x000001614e972a40 VMThread "VM Thread" [stack: 0x0000003d84d00000,0x0000003d84e00000] [id=16820]
  0x0000016152cecff0 WatcherThread "VM Periodic Task Thread" [stack: 0x0000003d85800000,0x0000003d85900000] [id=14548]
  0x0000016130325b20 WorkerThread "GC Thread#0" [stack: 0x0000003d84800000,0x0000003d84900000] [id=27992]
  0x0000016153bbf620 WorkerThread "GC Thread#1" [stack: 0x0000003d86b00000,0x0000003d86c00000] [id=22512]
  0x0000016153bbeae0 WorkerThread "GC Thread#2" [stack: 0x0000003d86c00000,0x0000003d86d00000] [id=24296]
  0x0000016153bbf8f0 WorkerThread "GC Thread#3" [stack: 0x0000003d86d00000,0x0000003d86e00000] [id=11712]
  0x0000016153bbdcd0 WorkerThread "GC Thread#4" [stack: 0x0000003d86e00000,0x0000003d86f00000] [id=17180]
  0x0000016153bbdfa0 WorkerThread "GC Thread#5" [stack: 0x0000003d86f00000,0x0000003d87000000] [id=28532]
  0x0000016153bbe270 WorkerThread "GC Thread#6" [stack: 0x0000003d87000000,0x0000003d87100000] [id=20908]
  0x00000161303355f0 ConcurrentGCThread "G1 Main Marker" [stack: 0x0000003d84900000,0x0000003d84a00000] [id=11044]
  0x0000016130339ea0 WorkerThread "G1 Conc#0" [stack: 0x0000003d84a00000,0x0000003d84b00000] [id=19896]
  0x000001613038e650 ConcurrentGCThread "G1 Refine#0" [stack: 0x0000003d84b00000,0x0000003d84c00000] [id=7064]
  0x000001614e82a120 ConcurrentGCThread "G1 Service" [stack: 0x0000003d84c00000,0x0000003d84d00000] [id=31084]

Threads with active compile tasks:
C2 CompilerThread0     1018  895   !   4       sun.awt.image.PNGImageDecoder::produceImage (1917 bytes)

VM state: not at safepoint (normal execution)

VM Mutex/Monitor currently owned by a thread: None

Heap address: 0x000000008a800000, size: 1880 MB, Compressed Oops mode: 32-bit

CDS archive(s) mapped at: [0x0000000800000000-0x0000000800c40000-0x0000000800c40000), size 12845056, SharedBaseAddress: 0x0000000800000000, ArchiveRelocationMode: 0.
Compressed class space mapped at: 0x0000000801000000-0x0000000841000000, reserved size: 1073741824
Narrow klass base: 0x0000000800000000, Narrow klass shift: 0, Narrow klass range: 0x100000000

GC Precious Log:
 CardTable entry size: 512
 Card Set container configuration: InlinePtr #cards 5 size 8 Array Of Cards #cards 12 size 40 Howl #buckets 4 coarsen threshold 1843 Howl Bitmap #cards 512 size 80 coarsen threshold 460 Card regions per heap region 1 cards per card region 2048
 CPUs: 12 total, 12 available
 Memory: 7514M
 Large Page Support: Disabled
 NUMA Support: Disabled
 Compressed Oops: Enabled (32-bit)
 Heap Region Size: 1M
 Heap Min Capacity: 8M
 Heap Initial Capacity: 118M
 Heap Max Capacity: 1880M
 Pre-touch: Disabled
 Parallel Workers: 10
 Concurrent Workers: 3
 Concurrent Refinement Workers: 10
 Periodic GC: Disabled

Heap:
 garbage-first heap   total 120832K, used 20828K [0x000000008a800000, 0x0000000100000000)
  region size 1024K, 5 young (5120K), 3 survivors (3072K)
 Metaspace       used 8546K, committed 8768K, reserved 1114112K
  class space    used 942K, committed 1024K, reserved 1048576K

Heap Regions: E=young(eden), S=young(survivor), O=old, HS=humongous(starts), HC=humongous(continues), CS=collection set, F=free, OA=open archive, CA=closed archive, TAMS=top-at-mark-start (previous, next)
|   0|0x000000008a800000, 0x000000008a900000, 0x000000008a900000|100%|HS|  |TAMS 0x000000008a800000, 0x000000008a800000| Complete 
|   1|0x000000008a900000, 0x000000008aa00000, 0x000000008aa00000|100%|HC|  |TAMS 0x000000008a900000, 0x000000008a900000| Complete 
|   2|0x000000008aa00000, 0x000000008ab00000, 0x000000008ab00000|100%|HC|  |TAMS 0x000000008aa00000, 0x000000008aa00000| Complete 
|   3|0x000000008ab00000, 0x000000008ac00000, 0x000000008ac00000|100%|HC|  |TAMS 0x000000008ab00000, 0x000000008ab00000| Complete 
|   4|0x000000008ac00000, 0x000000008ad00000, 0x000000008ad00000|100%|HC|  |TAMS 0x000000008ac00000, 0x000000008ac00000| Complete 
|   5|0x000000008ad00000, 0x000000008ae00000, 0x000000008ae00000|100%|HC|  |TAMS 0x000000008ad00000, 0x000000008ad00000| Complete 
|   6|0x000000008ae00000, 0x000000008af00000, 0x000000008af00000|100%|HS|  |TAMS 0x000000008ae00000, 0x000000008ae00000| Complete 
|   7|0x000000008af00000, 0x000000008b000000, 0x000000008b000000|100%|HC|  |TAMS 0x000000008af00000, 0x000000008af00000| Complete 
|   8|0x000000008b000000, 0x000000008b100000, 0x000000008b100000|100%|HC|  |TAMS 0x000000008b000000, 0x000000008b000000| Complete 
|   9|0x000000008b100000, 0x000000008b200000, 0x000000008b200000|100%|HC|  |TAMS 0x000000008b100000, 0x000000008b100000| Complete 
|  10|0x000000008b200000, 0x000000008b300000, 0x000000008b300000|100%|HC|  |TAMS 0x000000008b200000, 0x000000008b200000| Complete 
|  11|0x000000008b300000, 0x000000008b400000, 0x000000008b400000|100%|HC|  |TAMS 0x000000008b300000, 0x000000008b300000| Complete 
|  12|0x000000008b400000, 0x000000008b500000, 0x000000008b500000|100%|HC|  |TAMS 0x000000008b400000, 0x000000008b400000| Complete 
|  13|0x000000008b500000, 0x000000008b557200, 0x000000008b600000| 34%| O|  |TAMS 0x000000008b500000, 0x000000008b500000| Untracked 
|  14|0x000000008b600000, 0x000000008b700000, 0x000000008b700000|100%|HS|  |TAMS 0x000000008b600000, 0x000000008b600000| Complete 
|  15|0x000000008b700000, 0x000000008b800000, 0x000000008b800000|100%|HC|  |TAMS 0x000000008b700000, 0x000000008b700000| Complete 
|  16|0x000000008b800000, 0x000000008b900000, 0x000000008b900000|100%|HC|  |TAMS 0x000000008b800000, 0x000000008b800000| Complete 
|  17|0x000000008b900000, 0x000000008b900000, 0x000000008ba00000|  0%| F|  |TAMS 0x000000008b900000, 0x000000008b900000| Untracked 
|  18|0x000000008ba00000, 0x000000008ba00000, 0x000000008bb00000|  0%| F|  |TAMS 0x000000008ba00000, 0x000000008ba00000| Untracked 
|  19|0x000000008bb00000, 0x000000008bb00000, 0x000000008bc00000|  0%| F|  |TAMS 0x000000008bb00000, 0x000000008bb00000| Untracked 
|  20|0x000000008bc00000, 0x000000008bc00000, 0x000000008bd00000|  0%| F|  |TAMS 0x000000008bc00000, 0x000000008bc00000| Untracked 
|  21|0x000000008bd00000, 0x000000008bd00000, 0x000000008be00000|  0%| F|  |TAMS 0x000000008bd00000, 0x000000008bd00000| Untracked 
|  22|0x000000008be00000, 0x000000008be00000, 0x000000008bf00000|  0%| F|  |TAMS 0x000000008be00000, 0x000000008be00000| Untracked 
|  23|0x000000008bf00000, 0x000000008bf00000, 0x000000008c000000|  0%| F|  |TAMS 0x000000008bf00000, 0x000000008bf00000| Untracked 
|  24|0x000000008c000000, 0x000000008c000000, 0x000000008c100000|  0%| F|  |TAMS 0x000000008c000000, 0x000000008c000000| Untracked 
|  25|0x000000008c100000, 0x000000008c100000, 0x000000008c200000|  0%| F|  |TAMS 0x000000008c100000, 0x000000008c100000| Untracked 
|  26|0x000000008c200000, 0x000000008c200000, 0x000000008c300000|  0%| F|  |TAMS 0x000000008c200000, 0x000000008c200000| Untracked 
|  27|0x000000008c300000, 0x000000008c300000, 0x000000008c400000|  0%| F|  |TAMS 0x000000008c300000, 0x000000008c300000| Untracked 
|  28|0x000000008c400000, 0x000000008c400000, 0x000000008c500000|  0%| F|  |TAMS 0x000000008c400000, 0x000000008c400000| Untracked 
|  29|0x000000008c500000, 0x000000008c500000, 0x000000008c600000|  0%| F|  |TAMS 0x000000008c500000, 0x000000008c500000| Untracked 
|  30|0x000000008c600000, 0x000000008c600000, 0x000000008c700000|  0%| F|  |TAMS 0x000000008c600000, 0x000000008c600000| Untracked 
|  31|0x000000008c700000, 0x000000008c700000, 0x000000008c800000|  0%| F|  |TAMS 0x000000008c700000, 0x000000008c700000| Untracked 
|  32|0x000000008c800000, 0x000000008c800000, 0x000000008c900000|  0%| F|  |TAMS 0x000000008c800000, 0x000000008c800000| Untracked 
|  33|0x000000008c900000, 0x000000008c900000, 0x000000008ca00000|  0%| F|  |TAMS 0x000000008c900000, 0x000000008c900000| Untracked 
|  34|0x000000008ca00000, 0x000000008ca00000, 0x000000008cb00000|  0%| F|  |TAMS 0x000000008ca00000, 0x000000008ca00000| Untracked 
|  35|0x000000008cb00000, 0x000000008cb00000, 0x000000008cc00000|  0%| F|  |TAMS 0x000000008cb00000, 0x000000008cb00000| Untracked 
|  36|0x000000008cc00000, 0x000000008cc00000, 0x000000008cd00000|  0%| F|  |TAMS 0x000000008cc00000, 0x000000008cc00000| Untracked 
|  37|0x000000008cd00000, 0x000000008cd00000, 0x000000008ce00000|  0%| F|  |TAMS 0x000000008cd00000, 0x000000008cd00000| Untracked 
|  38|0x000000008ce00000, 0x000000008ce00000, 0x000000008cf00000|  0%| F|  |TAMS 0x000000008ce00000, 0x000000008ce00000| Untracked 
|  39|0x000000008cf00000, 0x000000008cf00000, 0x000000008d000000|  0%| F|  |TAMS 0x000000008cf00000, 0x000000008cf00000| Untracked 
|  40|0x000000008d000000, 0x000000008d000000, 0x000000008d100000|  0%| F|  |TAMS 0x000000008d000000, 0x000000008d000000| Untracked 
|  41|0x000000008d100000, 0x000000008d100000, 0x000000008d200000|  0%| F|  |TAMS 0x000000008d100000, 0x000000008d100000| Untracked 
|  42|0x000000008d200000, 0x000000008d200000, 0x000000008d300000|  0%| F|  |TAMS 0x000000008d200000, 0x000000008d200000| Untracked 
|  43|0x000000008d300000, 0x000000008d300000, 0x000000008d400000|  0%| F|  |TAMS 0x000000008d300000, 0x000000008d300000| Untracked 
|  44|0x000000008d400000, 0x000000008d400000, 0x000000008d500000|  0%| F|  |TAMS 0x000000008d400000, 0x000000008d400000| Untracked 
|  45|0x000000008d500000, 0x000000008d500000, 0x000000008d600000|  0%| F|  |TAMS 0x000000008d500000, 0x000000008d500000| Untracked 
|  46|0x000000008d600000, 0x000000008d600000, 0x000000008d700000|  0%| F|  |TAMS 0x000000008d600000, 0x000000008d600000| Untracked 
|  47|0x000000008d700000, 0x000000008d700000, 0x000000008d800000|  0%| F|  |TAMS 0x000000008d700000, 0x000000008d700000| Untracked 
|  48|0x000000008d800000, 0x000000008d800000, 0x000000008d900000|  0%| F|  |TAMS 0x000000008d800000, 0x000000008d800000| Untracked 
|  49|0x000000008d900000, 0x000000008d900000, 0x000000008da00000|  0%| F|  |TAMS 0x000000008d900000, 0x000000008d900000| Untracked 
|  50|0x000000008da00000, 0x000000008da00000, 0x000000008db00000|  0%| F|  |TAMS 0x000000008da00000, 0x000000008da00000| Untracked 
|  51|0x000000008db00000, 0x000000008db00000, 0x000000008dc00000|  0%| F|  |TAMS 0x000000008db00000, 0x000000008db00000| Untracked 
|  52|0x000000008dc00000, 0x000000008dc00000, 0x000000008dd00000|  0%| F|  |TAMS 0x000000008dc00000, 0x000000008dc00000| Untracked 
|  53|0x000000008dd00000, 0x000000008dd00000, 0x000000008de00000|  0%| F|  |TAMS 0x000000008dd00000, 0x000000008dd00000| Untracked 
|  54|0x000000008de00000, 0x000000008de00000, 0x000000008df00000|  0%| F|  |TAMS 0x000000008de00000, 0x000000008de00000| Untracked 
|  55|0x000000008df00000, 0x000000008df00000, 0x000000008e000000|  0%| F|  |TAMS 0x000000008df00000, 0x000000008df00000| Untracked 
|  56|0x000000008e000000, 0x000000008e000000, 0x000000008e100000|  0%| F|  |TAMS 0x000000008e000000, 0x000000008e000000| Untracked 
|  57|0x000000008e100000, 0x000000008e100000, 0x000000008e200000|  0%| F|  |TAMS 0x000000008e100000, 0x000000008e100000| Untracked 
|  58|0x000000008e200000, 0x000000008e200000, 0x000000008e300000|  0%| F|  |TAMS 0x000000008e200000, 0x000000008e200000| Untracked 
|  59|0x000000008e300000, 0x000000008e300000, 0x000000008e400000|  0%| F|  |TAMS 0x000000008e300000, 0x000000008e300000| Untracked 
|  60|0x000000008e400000, 0x000000008e400000, 0x000000008e500000|  0%| F|  |TAMS 0x000000008e400000, 0x000000008e400000| Untracked 
|  61|0x000000008e500000, 0x000000008e500000, 0x000000008e600000|  0%| F|  |TAMS 0x000000008e500000, 0x000000008e500000| Untracked 
|  62|0x000000008e600000, 0x000000008e600000, 0x000000008e700000|  0%| F|  |TAMS 0x000000008e600000, 0x000000008e600000| Untracked 
|  63|0x000000008e700000, 0x000000008e700000, 0x000000008e800000|  0%| F|  |TAMS 0x000000008e700000, 0x000000008e700000| Untracked 
|  64|0x000000008e800000, 0x000000008e800000, 0x000000008e900000|  0%| F|  |TAMS 0x000000008e800000, 0x000000008e800000| Untracked 
|  65|0x000000008e900000, 0x000000008e900000, 0x000000008ea00000|  0%| F|  |TAMS 0x000000008e900000, 0x000000008e900000| Untracked 
|  66|0x000000008ea00000, 0x000000008ea00000, 0x000000008eb00000|  0%| F|  |TAMS 0x000000008ea00000, 0x000000008ea00000| Untracked 
|  67|0x000000008eb00000, 0x000000008eb00000, 0x000000008ec00000|  0%| F|  |TAMS 0x000000008eb00000, 0x000000008eb00000| Untracked 
|  68|0x000000008ec00000, 0x000000008ec00000, 0x000000008ed00000|  0%| F|  |TAMS 0x000000008ec00000, 0x000000008ec00000| Untracked 
|  69|0x000000008ed00000, 0x000000008ed00000, 0x000000008ee00000|  0%| F|  |TAMS 0x000000008ed00000, 0x000000008ed00000| Untracked 
|  70|0x000000008ee00000, 0x000000008ee00000, 0x000000008ef00000|  0%| F|  |TAMS 0x000000008ee00000, 0x000000008ee00000| Untracked 
|  71|0x000000008ef00000, 0x000000008ef00000, 0x000000008f000000|  0%| F|  |TAMS 0x000000008ef00000, 0x000000008ef00000| Untracked 
|  72|0x000000008f000000, 0x000000008f000000, 0x000000008f100000|  0%| F|  |TAMS 0x000000008f000000, 0x000000008f000000| Untracked 
|  73|0x000000008f100000, 0x000000008f100000, 0x000000008f200000|  0%| F|  |TAMS 0x000000008f100000, 0x000000008f100000| Untracked 
|  74|0x000000008f200000, 0x000000008f200000, 0x000000008f300000|  0%| F|  |TAMS 0x000000008f200000, 0x000000008f200000| Untracked 
|  75|0x000000008f300000, 0x000000008f300000, 0x000000008f400000|  0%| F|  |TAMS 0x000000008f300000, 0x000000008f300000| Untracked 
|  76|0x000000008f400000, 0x000000008f400000, 0x000000008f500000|  0%| F|  |TAMS 0x000000008f400000, 0x000000008f400000| Untracked 
|  77|0x000000008f500000, 0x000000008f500000, 0x000000008f600000|  0%| F|  |TAMS 0x000000008f500000, 0x000000008f500000| Untracked 
|  78|0x000000008f600000, 0x000000008f600000, 0x000000008f700000|  0%| F|  |TAMS 0x000000008f600000, 0x000000008f600000| Untracked 
|  79|0x000000008f700000, 0x000000008f700000, 0x000000008f800000|  0%| F|  |TAMS 0x000000008f700000, 0x000000008f700000| Untracked 
|  80|0x000000008f800000, 0x000000008f800000, 0x000000008f900000|  0%| F|  |TAMS 0x000000008f800000, 0x000000008f800000| Untracked 
|  81|0x000000008f900000, 0x000000008f900000, 0x000000008fa00000|  0%| F|  |TAMS 0x000000008f900000, 0x000000008f900000| Untracked 
|  82|0x000000008fa00000, 0x000000008fa00000, 0x000000008fb00000|  0%| F|  |TAMS 0x000000008fa00000, 0x000000008fa00000| Untracked 
|  83|0x000000008fb00000, 0x000000008fb00000, 0x000000008fc00000|  0%| F|  |TAMS 0x000000008fb00000, 0x000000008fb00000| Untracked 
|  84|0x000000008fc00000, 0x000000008fc00000, 0x000000008fd00000|  0%| F|  |TAMS 0x000000008fc00000, 0x000000008fc00000| Untracked 
|  85|0x000000008fd00000, 0x000000008fd00000, 0x000000008fe00000|  0%| F|  |TAMS 0x000000008fd00000, 0x000000008fd00000| Untracked 
|  86|0x000000008fe00000, 0x000000008fe00000, 0x000000008ff00000|  0%| F|  |TAMS 0x000000008fe00000, 0x000000008fe00000| Untracked 
|  87|0x000000008ff00000, 0x000000008ff00000, 0x0000000090000000|  0%| F|  |TAMS 0x000000008ff00000, 0x000000008ff00000| Untracked 
|  88|0x0000000090000000, 0x0000000090000000, 0x0000000090100000|  0%| F|  |TAMS 0x0000000090000000, 0x0000000090000000| Untracked 
|  89|0x0000000090100000, 0x0000000090100000, 0x0000000090200000|  0%| F|  |TAMS 0x0000000090100000, 0x0000000090100000| Untracked 
|  90|0x0000000090200000, 0x0000000090200000, 0x0000000090300000|  0%| F|  |TAMS 0x0000000090200000, 0x0000000090200000| Untracked 
|  91|0x0000000090300000, 0x0000000090300000, 0x0000000090400000|  0%| F|  |TAMS 0x0000000090300000, 0x0000000090300000| Untracked 
|  92|0x0000000090400000, 0x0000000090500000, 0x0000000090500000|100%| S|CS|TAMS 0x0000000090400000, 0x0000000090400000| Complete 
|  93|0x0000000090500000, 0x0000000090600000, 0x0000000090600000|100%| S|CS|TAMS 0x0000000090500000, 0x0000000090500000| Complete 
|  94|0x0000000090600000, 0x0000000090700000, 0x0000000090700000|100%| S|CS|TAMS 0x0000000090600000, 0x0000000090600000| Complete 
|  95|0x0000000090700000, 0x0000000090700000, 0x0000000090800000|  0%| F|  |TAMS 0x0000000090700000, 0x0000000090700000| Untracked 
|  96|0x0000000090800000, 0x0000000090800000, 0x0000000090900000|  0%| F|  |TAMS 0x0000000090800000, 0x0000000090800000| Untracked 
|  97|0x0000000090900000, 0x0000000090900000, 0x0000000090a00000|  0%| F|  |TAMS 0x0000000090900000, 0x0000000090900000| Untracked 
|  98|0x0000000090a00000, 0x0000000090a00000, 0x0000000090b00000|  0%| F|  |TAMS 0x0000000090a00000, 0x0000000090a00000| Untracked 
|  99|0x0000000090b00000, 0x0000000090b00000, 0x0000000090c00000|  0%| F|  |TAMS 0x0000000090b00000, 0x0000000090b00000| Untracked 
| 100|0x0000000090c00000, 0x0000000090c00000, 0x0000000090d00000|  0%| F|  |TAMS 0x0000000090c00000, 0x0000000090c00000| Untracked 
| 101|0x0000000090d00000, 0x0000000090d00000, 0x0000000090e00000|  0%| F|  |TAMS 0x0000000090d00000, 0x0000000090d00000| Untracked 
| 102|0x0000000090e00000, 0x0000000090e00000, 0x0000000090f00000|  0%| F|  |TAMS 0x0000000090e00000, 0x0000000090e00000| Untracked 
| 103|0x0000000090f00000, 0x0000000090f00000, 0x0000000091000000|  0%| F|  |TAMS 0x0000000090f00000, 0x0000000090f00000| Untracked 
| 104|0x0000000091000000, 0x0000000091000000, 0x0000000091100000|  0%| F|  |TAMS 0x0000000091000000, 0x0000000091000000| Untracked 
| 105|0x0000000091100000, 0x0000000091100000, 0x0000000091200000|  0%| F|  |TAMS 0x0000000091100000, 0x0000000091100000| Untracked 
| 106|0x0000000091200000, 0x0000000091200000, 0x0000000091300000|  0%| F|  |TAMS 0x0000000091200000, 0x0000000091200000| Untracked 
| 107|0x0000000091300000, 0x0000000091300000, 0x0000000091400000|  0%| F|  |TAMS 0x0000000091300000, 0x0000000091300000| Untracked 
| 108|0x0000000091400000, 0x0000000091400000, 0x0000000091500000|  0%| F|  |TAMS 0x0000000091400000, 0x0000000091400000| Untracked 
| 109|0x0000000091500000, 0x0000000091500000, 0x0000000091600000|  0%| F|  |TAMS 0x0000000091500000, 0x0000000091500000| Untracked 
| 110|0x0000000091600000, 0x0000000091600000, 0x0000000091700000|  0%| F|  |TAMS 0x0000000091600000, 0x0000000091600000| Untracked 
| 111|0x0000000091700000, 0x0000000091700000, 0x0000000091800000|  0%| F|  |TAMS 0x0000000091700000, 0x0000000091700000| Untracked 
| 112|0x0000000091800000, 0x0000000091800000, 0x0000000091900000|  0%| F|  |TAMS 0x0000000091800000, 0x0000000091800000| Untracked 
| 113|0x0000000091900000, 0x0000000091900000, 0x0000000091a00000|  0%| F|  |TAMS 0x0000000091900000, 0x0000000091900000| Untracked 
| 114|0x0000000091a00000, 0x0000000091a00000, 0x0000000091b00000|  0%| F|  |TAMS 0x0000000091a00000, 0x0000000091a00000| Untracked 
| 115|0x0000000091b00000, 0x0000000091b00000, 0x0000000091c00000|  0%| F|  |TAMS 0x0000000091b00000, 0x0000000091b00000| Untracked 
| 116|0x0000000091c00000, 0x0000000091cc9808, 0x0000000091d00000| 78%| E|  |TAMS 0x0000000091c00000, 0x0000000091c00000| Complete 
| 117|0x0000000091d00000, 0x0000000091e00000, 0x0000000091e00000|100%| E|CS|TAMS 0x0000000091d00000, 0x0000000091d00000| Complete 

Card table byte_map: [0x0000016147b20000,0x0000016147ed0000] _byte_map_base: 0x00000161476cc000

Marking Bits (Prev, Next): (CMBitMap*) 0x0000016130326060, (CMBitMap*) 0x00000161303260a0
 Prev Bits: [0x0000016148280000, 0x0000016149fe0000)
 Next Bits: [0x0000016149fe0000, 0x000001614bd40000)

Polling page: 0x000001612dfe0000

Metaspace:

Usage:
  Non-class:      7.43 MB used.
      Class:    942.12 KB used.
       Both:      8.35 MB used.

Virtual space:
  Non-class space:       64.00 MB reserved,       7.56 MB ( 12%) committed,  1 nodes.
      Class space:        1.00 GB reserved,       1.00 MB ( <1%) committed,  1 nodes.
             Both:        1.06 GB reserved,       8.56 MB ( <1%) committed. 

Chunk freelists:
   Non-Class:  486.00 KB
       Class:  3.00 MB
        Both:  3.48 MB

MaxMetaspaceSize: unlimited
CompressedClassSpaceSize: 1.00 GB
Initial GC threshold: 21.00 MB
Current GC threshold: 21.00 MB
CDS: on
MetaspaceReclaimPolicy: balanced
 - commit_granule_bytes: 65536.
 - commit_granule_words: 8192.
 - virtual_space_node_default_size: 8388608.
 - enlarge_chunks_in_place: 1.
 - new_chunks_are_fully_committed: 0.
 - uncommit_free_chunks: 1.
 - use_allocation_guard: 0.


Internal statistics:

num_allocs_failed_limit: 0.
num_arena_births: 172.
num_arena_deaths: 0.
num_vsnodes_births: 2.
num_vsnodes_deaths: 0.
num_space_committed: 137.
num_space_uncommitted: 0.
num_chunks_returned_to_freelist: 0.
num_chunks_taken_from_freelist: 193.
num_chunk_merges: 0.
num_chunk_splits: 130.
num_chunks_enlarged: 85.
num_inconsistent_stats: 0.

CodeHeap 'non-profiled nmethods': size=120000Kb used=324Kb max_used=324Kb free=119675Kb
 bounds [0x000001613fcf0000, 0x000001613ff60000, 0x0000016147220000]
CodeHeap 'profiled nmethods': size=120000Kb used=1683Kb max_used=1683Kb free=118316Kb
 bounds [0x0000016138220000, 0x0000016138490000, 0x000001613f750000]
CodeHeap 'non-nmethods': size=5760Kb used=1663Kb max_used=1663Kb free=4097Kb
 bounds [0x000001613f750000, 0x000001613f9c0000, 0x000001613fcf0000]
 total_blobs=1647 nmethods=1008 adapters=549
 compilation: enabled
              stopped_count=0, restarted_count=0
 full_count=0

Compilation events (20 events):
Event: 0.965 Thread 0x000001614e999fb0 1003       3       sun.awt.SunToolkit::isInstanceOf (71 bytes)
Event: 0.965 Thread 0x000001614e999fb0 nmethod 1003 0x00000161383bef10 code [0x00000161383bf160, 0x00000161383bf808]
Event: 0.965 Thread 0x000001614e999fb0 1002       3       java.util.ArrayList$Itr::checkForComodification (23 bytes)
Event: 0.966 Thread 0x000001614e999fb0 nmethod 1002 0x00000161383bfb10 code [0x00000161383bfcc0, 0x00000161383bfea8]
Event: 0.966 Thread 0x000001614e999fb0 1004       1       java.awt.Component::isVisible_NoClientCode (5 bytes)
Event: 0.966 Thread 0x000001614e999fb0 nmethod 1004 0x000001613fd3fb10 code [0x000001613fd3fca0, 0x000001613fd3fd78]
Event: 0.967 Thread 0x000001614e999fb0 1005       3       java.awt.Component::checkTreeLock (21 bytes)
Event: 0.967 Thread 0x000001614e999fb0 nmethod 1005 0x00000161383bff90 code [0x00000161383c0160, 0x00000161383c0418]
Event: 0.967 Thread 0x000001614e999fb0 1007       1       java.awt.AWTEvent::getID (5 bytes)
Event: 0.967 Thread 0x000001614e999fb0 nmethod 1007 0x000001613fd40290 code [0x000001613fd40420, 0x000001613fd404f8]
Event: 0.967 Thread 0x000001614e999fb0 1008       3       java.awt.geom.Rectangle2D::<init> (5 bytes)
Event: 0.968 Thread 0x000001614e999fb0 nmethod 1008 0x00000161383c0510 code [0x00000161383c06c0, 0x00000161383c0898]
Event: 0.968 Thread 0x000001614e999fb0 1009       3       java.awt.geom.RectangularShape::<init> (5 bytes)
Event: 0.968 Thread 0x000001614e999fb0 nmethod 1009 0x00000161383c0990 code [0x00000161383c0b40, 0x00000161383c0cb8]
Event: 0.983 Thread 0x000001614e999fb0 1010       3       java.lang.ref.ReferenceQueue::poll0 (65 bytes)
Event: 0.983 Thread 0x000001614e999fb0 nmethod 1010 0x00000161383c0d90 code [0x00000161383c0f60, 0x00000161383c14b8]
Event: 0.986 Thread 0x000001614e999fb0 1012       3       java.lang.ref.SoftReference::<init> (13 bytes)
Event: 0.987 Thread 0x000001614e999fb0 nmethod 1012 0x00000161383c1590 code [0x00000161383c1760, 0x00000161383c1a98]
Event: 0.987 Thread 0x000001614e999fb0 1013       1       java.awt.Color::getRGB (5 bytes)
Event: 0.987 Thread 0x000001614e999fb0 nmethod 1013 0x000001613fd40890 code [0x000001613fd40a20, 0x000001613fd40af8]

GC Heap History (2 events):
Event: 0.921 GC heap before
{Heap before GC invocations=0 (full 0):
 garbage-first heap   total 120832K, used 36864K [0x000000008a800000, 0x0000000100000000)
  region size 1024K, 23 young (23552K), 0 survivors (0K)
 Metaspace       used 8359K, committed 8576K, reserved 1114112K
  class space    used 912K, committed 1024K, reserved 1048576K
}
Event: 0.949 GC heap after
{Heap after GC invocations=1 (full 0):
 garbage-first heap   total 120832K, used 16732K [0x000000008a800000, 0x0000000100000000)
  region size 1024K, 3 young (3072K), 3 survivors (3072K)
 Metaspace       used 8359K, committed 8576K, reserved 1114112K
  class space    used 912K, committed 1024K, reserved 1048576K
}

Dll operation events (10 events):
Event: 0.011 Loaded shared library C:\Users\harry\Downloads\jdk-19_windows-x64_bin\jdk-19\bin\java.dll
Event: 0.023 Loaded shared library C:\Users\harry\Downloads\jdk-19_windows-x64_bin\jdk-19\bin\jsvml.dll
Event: 0.083 Loaded shared library C:\Users\harry\Downloads\jdk-19_windows-x64_bin\jdk-19\bin\jimage.dll
Event: 0.090 Loaded shared library C:\Users\harry\Downloads\jdk-19_windows-x64_bin\jdk-19\bin\net.dll
Event: 0.092 Loaded shared library C:\Users\harry\Downloads\jdk-19_windows-x64_bin\jdk-19\bin\nio.dll
Event: 0.095 Loaded shared library C:\Users\harry\Downloads\jdk-19_windows-x64_bin\jdk-19\bin\zip.dll
Event: 0.108 Loaded shared library C:\Users\harry\Downloads\jdk-19_windows-x64_bin\jdk-19\bin\awt.dll
Event: 0.340 Loaded shared library C:\Users\harry\Downloads\jdk-19_windows-x64_bin\jdk-19\bin\freetype.dll
Event: 0.340 Loaded shared library C:\Users\harry\Downloads\jdk-19_windows-x64_bin\jdk-19\bin\fontmanager.dll
Event: 0.415 Loaded shared library C:\Users\harry\Downloads\jdk-19_windows-x64_bin\jdk-19\bin\javajpeg.dll

Deoptimization events (20 events):
Event: 0.720 Thread 0x0000016153738010 DEOPT PACKING pc=0x0000016138390ff2 sp=0x0000003d867feed0
Event: 0.720 Thread 0x0000016153738010 DEOPT UNPACKING pc=0x000001613f7b8243 sp=0x0000003d867fe360 mode 0
Event: 0.723 Thread 0x0000016153738010 DEOPT PACKING pc=0x0000016138390ff2 sp=0x0000003d867feed0
Event: 0.723 Thread 0x0000016153738010 DEOPT UNPACKING pc=0x000001613f7b8243 sp=0x0000003d867fe360 mode 0
Event: 0.726 Thread 0x0000016153738010 DEOPT PACKING pc=0x0000016138390ff2 sp=0x0000003d867feed0
Event: 0.726 Thread 0x0000016153738010 DEOPT UNPACKING pc=0x000001613f7b8243 sp=0x0000003d867fe360 mode 0
Event: 0.728 Thread 0x0000016153738010 Uncommon trap: trap_request=0xffffff45 fr.pc=0x000001613fd28618 relative=0x00000000000017f8
Event: 0.728 Thread 0x0000016153738010 Uncommon trap: reason=unstable_if action=reinterpret pc=0x000001613fd28618 method=sun.awt.image.PNGImageDecoder.produceImage()V @ 867 c2
Event: 0.728 Thread 0x0000016153738010 DEOPT PACKING pc=0x000001613fd28618 sp=0x0000003d867ff160
Event: 0.728 Thread 0x0000016153738010 DEOPT UNPACKING pc=0x000001613f7b7aa3 sp=0x0000003d867ff0f0 mode 2
Event: 0.731 Thread 0x00000161302c8ff0 Uncommon trap: trap_request=0xffffff45 fr.pc=0x000001613fd16280 relative=0x0000000000000160
Event: 0.731 Thread 0x00000161302c8ff0 Uncommon trap: reason=unstable_if action=reinterpret pc=0x000001613fd16280 method=java.util.concurrent.locks.ReentrantLock$NonfairSync.initialTryLock()Z @ 10 c2
Event: 0.732 Thread 0x00000161302c8ff0 DEOPT PACKING pc=0x000001613fd16280 sp=0x0000003d847fdfc0
Event: 0.732 Thread 0x00000161302c8ff0 DEOPT UNPACKING pc=0x000001613f7b7aa3 sp=0x0000003d847fdf68 mode 2
Event: 0.771 Thread 0x00000161302c8ff0 DEOPT PACKING pc=0x00000161382340ff sp=0x0000003d847fce20
Event: 0.771 Thread 0x00000161302c8ff0 DEOPT UNPACKING pc=0x000001613f7b8243 sp=0x0000003d847fc240 mode 0
Event: 0.961 Thread 0x0000016152f58ad0 Uncommon trap: trap_request=0xffffff45 fr.pc=0x000001613fd165f4 relative=0x00000000000000d4
Event: 0.961 Thread 0x0000016152f58ad0 Uncommon trap: reason=unstable_if action=reinterpret pc=0x000001613fd165f4 method=java.util.concurrent.locks.ReentrantLock$Sync.tryRelease(I)Z @ 26 c2
Event: 0.961 Thread 0x0000016152f58ad0 DEOPT PACKING pc=0x000001613fd165f4 sp=0x0000003d86aff070
Event: 0.961 Thread 0x0000016152f58ad0 DEOPT UNPACKING pc=0x000001613f7b7aa3 sp=0x0000003d86aff010 mode 2

Classes loaded (20 events):
Event: 0.986 Loading class java/awt/image/AbstractMultiResolutionImage done
Event: 0.986 Loading class sun/swing/CachedPainter$PainterMultiResolutionCachedImage done
Event: 0.986 Loading class sun/swing/ImageCache
Event: 0.986 Loading class sun/swing/ImageCache done
Event: 0.986 Loading class sun/swing/ImageCache$Entry
Event: 0.986 Loading class sun/swing/ImageCache$Entry done
Event: 0.987 Loading class java/awt/GradientPaint
Event: 0.988 Loading class java/awt/GradientPaint done
Event: 0.988 Loading class sun/java2d/d3d/D3DPaints
Event: 0.988 Loading class sun/java2d/d3d/D3DPaints done
Event: 0.988 Loading class sun/java2d/d3d/D3DPaints$Gradient
Event: 0.988 Loading class sun/java2d/d3d/D3DPaints$Gradient done
Event: 0.988 Loading class sun/java2d/d3d/D3DPaints$LinearGradient
Event: 0.988 Loading class sun/java2d/d3d/D3DPaints$MultiGradient
Event: 0.988 Loading class sun/java2d/d3d/D3DPaints$MultiGradient done
Event: 0.988 Loading class sun/java2d/d3d/D3DPaints$LinearGradient done
Event: 0.988 Loading class sun/java2d/d3d/D3DPaints$RadialGradient
Event: 0.989 Loading class sun/java2d/d3d/D3DPaints$RadialGradient done
Event: 0.989 Loading class sun/java2d/d3d/D3DPaints$Texture
Event: 0.989 Loading class sun/java2d/d3d/D3DPaints$Texture done

Classes unloaded (0 events):
No events

Classes redefined (0 events):
No events

Internal exceptions (13 events):
Event: 0.099 Thread 0x00000161302c8ff0 Exception <a 'java/lang/ClassNotFoundException'{0x0000000091c67750}: sun/awt/resources/spi/awtProvider> (0x0000000091c67750) 
thrown [s\open\src\hotspot\share\classfile\systemDictionary.cpp, line 255]
Event: 0.122 Thread 0x00000161302c8ff0 Exception <a 'java/io/FileNotFoundException'{0x0000000091b36cd0}> (0x0000000091b36cd0) 
thrown [s\open\src\hotspot\share\prims\jni.cpp, line 517]
Event: 0.128 Thread 0x00000161302c8ff0 Exception <a 'java/io/FileNotFoundException'{0x0000000091b631e0}> (0x0000000091b631e0) 
thrown [s\open\src\hotspot\share\prims\jni.cpp, line 517]
Event: 0.166 Thread 0x00000161302c8ff0 Exception <a 'java/lang/NoSuchMethodError'{0x0000000091bada40}: 'java.lang.Object java.lang.invoke.DirectMethodHandle$Holder.invokeStaticInit(java.lang.Object)'> (0x0000000091bada40) 
thrown [s\open\src\hotspot\share\interpreter\linkResolver.cpp, line 774]
Event: 0.263 Thread 0x00000161302c8ff0 Exception <a 'java/lang/NoSuchMethodError'{0x0000000091904580}: 'void java.lang.invoke.DirectMethodHandle$Holder.invokeSpecial(java.lang.Object, java.lang.Object, java.lang.Object)'> (0x0000000091904580) 
thrown [s\open\src\hotspot\share\interpreter\linkResolver.cpp, line 774]
Event: 0.271 Thread 0x00000161302c8ff0 Exception <a 'java/lang/NoSuchMethodError'{0x000000009192f118}: 'java.lang.Object java.lang.invoke.DirectMethodHandle$Holder.newInvokeSpecial(java.lang.Object, java.lang.Object, java.lang.Object, java.lang.Object, java.lang.Object)'> (0x000000009192f118) 
thrown [s\open\src\hotspot\share\interpreter\linkResolver.cpp, line 774]
Event: 0.277 Thread 0x00000161302c8ff0 Exception <a 'java/lang/NoSuchMethodError'{0x0000000091960800}: 'java.lang.Object java.lang.invoke.DirectMethodHandle$Holder.invokeStatic(java.lang.Object, int, java.lang.Object)'> (0x0000000091960800) 
thrown [s\open\src\hotspot\share\interpreter\linkResolver.cpp, line 774]
Event: 0.303 Thread 0x00000161302c8ff0 Exception <a 'java/lang/ClassNotFoundException'{0x000000009181c8d0}: com/sun/swing/internal/plaf/metal/resources/spi/metalProvider> (0x000000009181c8d0) 
thrown [s\open\src\hotspot\share\classfile\systemDictionary.cpp, line 255]
Event: 0.303 Thread 0x00000161302c8ff0 Exception <a 'java/lang/ClassNotFoundException'{0x00000000918208d0}: com/sun/swing/internal/plaf/basic/resources/spi/basicProvider> (0x00000000918208d0) 
thrown [s\open\src\hotspot\share\classfile\systemDictionary.cpp, line 255]
Event: 0.312 Thread 0x00000161302c8ff0 Exception <a 'java/lang/NoSuchMethodError'{0x0000000091840c10}: 'int java.lang.invoke.Invokers$Holder.invokeExact_MT(java.lang.Object, java.lang.Object)'> (0x0000000091840c10) 
thrown [s\open\src\hotspot\share\interpreter\linkResolver.cpp, line 774]
Event: 0.416 Thread 0x0000016153738010 Exception <a 'java/lang/NoSuchMethodError'{0x00000000917f7ca8}: 'java.lang.Object java.lang.invoke.DirectMethodHandle$Holder.newInvokeSpecial(java.lang.Object, java.lang.Object, java.lang.Object, int, int, int, int, int)'> (0x00000000917f7ca8) 
thrown [s\open\src\hotspot\share\interpreter\linkResolver.cpp, line 774]
Event: 0.746 Thread 0x0000016152f48090 Exception <a 'java/lang/NoSuchMethodError'{0x0000000091a0f900}: 'void java.lang.invoke.DirectMethodHandle$Holder.invokeVirtual(java.lang.Object, java.lang.Object)'> (0x0000000091a0f900) 
thrown [s\open\src\hotspot\share\interpreter\linkResolver.cpp, line 774]
Event: 0.766 Thread 0x00000161302c8ff0 Exception <a 'java/lang/NoSuchMethodError'{0x00000000917d7da0}: 'void java.lang.invoke.DirectMethodHandle$Holder.invokeStaticInit(java.lang.Object)'> (0x00000000917d7da0) 
thrown [s\open\src\hotspot\share\interpreter\linkResolver.cpp, line 774]

VM Operations (18 events):
Event: 0.135 Executing VM operation: HandshakeAllThreads
Event: 0.135 Executing VM operation: HandshakeAllThreads done
Event: 0.302 Executing VM operation: HandshakeAllThreads
Event: 0.302 Executing VM operation: HandshakeAllThreads done
Event: 0.321 Executing VM operation: HandshakeAllThreads
Event: 0.321 Executing VM operation: HandshakeAllThreads done
Event: 0.519 Executing VM operation: HandshakeAllThreads
Event: 0.519 Executing VM operation: HandshakeAllThreads done
Event: 0.680 Executing VM operation: HandshakeAllThreads
Event: 0.680 Executing VM operation: HandshakeAllThreads done
Event: 0.731 Executing VM operation: HandshakeAllThreads
Event: 0.731 Executing VM operation: HandshakeAllThreads done
Event: 0.920 Executing VM operation: G1CollectForAllocation
Event: 0.949 Executing VM operation: G1CollectForAllocation done
Event: 0.964 Executing VM operation: HandshakeAllThreads
Event: 0.964 Executing VM operation: HandshakeAllThreads done
Event: 0.977 Executing VM operation: HandshakeAllThreads
Event: 0.977 Executing VM operation: HandshakeAllThreads done

Events (20 events):
Event: 0.035 Thread 0x000001614e984910 Thread added: 0x000001614e984910
Event: 0.036 Thread 0x000001614e989260 Thread added: 0x000001614e989260
Event: 0.036 Thread 0x000001614e989b90 Thread added: 0x000001614e989b90
Event: 0.036 Thread 0x000001614e98a4c0 Thread added: 0x000001614e98a4c0
Event: 0.036 Thread 0x000001614e98ce00 Thread added: 0x000001614e98ce00
Event: 0.036 Thread 0x000001614e990750 Thread added: 0x000001614e990750
Event: 0.036 Thread 0x000001614e991630 Thread added: 0x000001614e991630
Event: 0.036 Thread 0x000001614e999fb0 Thread added: 0x000001614e999fb0
Event: 0.036 Thread 0x000001614e99c930 Thread added: 0x000001614e99c930
Event: 0.052 Thread 0x0000016152ce8e30 Thread added: 0x0000016152ce8e30
Event: 0.056 Thread 0x0000016152ceeca0 Thread added: 0x0000016152ceeca0
Event: 0.168 Thread 0x0000016152f3e080 Thread added: 0x0000016152f3e080
Event: 0.170 Thread 0x0000016152f41080 Thread added: 0x0000016152f41080
Event: 0.172 Thread 0x0000016152f48090 Thread added: 0x0000016152f48090
Event: 0.412 Thread 0x0000016153738010 Thread added: 0x0000016153738010
Event: 0.456 Thread 0x00000161538c2690 Thread added: 0x00000161538c2690
Event: 0.525 Thread 0x00000161538b15c0 Thread added: 0x00000161538b15c0
Event: 0.831 Thread 0x00000161302c8ff0 Thread exited: 0x00000161302c8ff0
Event: 0.831 Thread 0x0000016152f59020 Thread added: 0x0000016152f59020
Event: 0.880 Thread 0x0000016152f58ad0 Thread added: 0x0000016152f58ad0


Dynamic libraries:
0x00007ff73a7e0000 - 0x00007ff73a7f0000 	C:\Users\harry\Downloads\jdk-19_windows-x64_bin\jdk-19\bin\java.exe
0x00007fffa5fb0000 - 0x00007fffa61c4000 	C:\WINDOWS\SYSTEM32\ntdll.dll
0x00007fffa5010000 - 0x00007fffa50d3000 	C:\WINDOWS\System32\KERNEL32.DLL
0x00007fffa3960000 - 0x00007fffa3cfd000 	C:\WINDOWS\System32\KERNELBASE.dll
0x00007fffa34f0000 - 0x00007fffa3601000 	C:\WINDOWS\System32\ucrtbase.dll
0x00007fff89c20000 - 0x00007fff89c38000 	C:\Users\harry\Downloads\jdk-19_windows-x64_bin\jdk-19\bin\jli.dll
0x00007fffa3da0000 - 0x00007fffa3e4e000 	C:\WINDOWS\System32\ADVAPI32.dll
0x00007fff8a750000 - 0x00007fff8a76b000 	C:\Users\harry\Downloads\jdk-19_windows-x64_bin\jdk-19\bin\VCRUNTIME140.dll
0x00007fffa57d0000 - 0x00007fffa5877000 	C:\WINDOWS\System32\msvcrt.dll
0x00007fffa5cc0000 - 0x00007fffa5d64000 	C:\WINDOWS\System32\sechost.dll
0x00007fffa5530000 - 0x00007fffa5645000 	C:\WINDOWS\System32\RPCRT4.dll
0x00007fffa5880000 - 0x00007fffa5a2d000 	C:\WINDOWS\System32\USER32.dll
0x00007fff80c30000 - 0x00007fff80ebe000 	C:\WINDOWS\WinSxS\amd64_microsoft.windows.common-controls_6595b64144ccf1df_6.0.22621.608_none_a9444ca7c10bb01d\COMCTL32.dll
0x00007fffa34c0000 - 0x00007fffa34e6000 	C:\WINDOWS\System32\win32u.dll
0x00007fffa5eb0000 - 0x00007fffa5ed9000 	C:\WINDOWS\System32\GDI32.dll
0x00007fffa3840000 - 0x00007fffa3952000 	C:\WINDOWS\System32\gdi32full.dll
0x00007fffa3d00000 - 0x00007fffa3d9a000 	C:\WINDOWS\System32\msvcp_win.dll
0x00007fff9b980000 - 0x00007fff9b98a000 	C:\WINDOWS\SYSTEM32\VERSION.dll
0x00007fffa5650000 - 0x00007fffa5682000 	C:\WINDOWS\System32\IMM32.DLL
0x00007fff99070000 - 0x00007fff9907c000 	C:\Users\harry\Downloads\jdk-19_windows-x64_bin\jdk-19\bin\vcruntime140_1.dll
0x00007fff7bb40000 - 0x00007fff7bbce000 	C:\Users\harry\Downloads\jdk-19_windows-x64_bin\jdk-19\bin\msvcp140.dll
0x00007fff5fd00000 - 0x00007fff609c0000 	C:\Users\harry\Downloads\jdk-19_windows-x64_bin\jdk-19\bin\server\jvm.dll
0x00007fff9c7c0000 - 0x00007fff9c7f4000 	C:\WINDOWS\SYSTEM32\WINMM.dll
0x00007fff9caa0000 - 0x00007fff9caa9000 	C:\WINDOWS\SYSTEM32\WSOCK32.dll
0x00007fffa4b10000 - 0x00007fffa4b81000 	C:\WINDOWS\System32\WS2_32.dll
0x00007fffa2420000 - 0x00007fffa2438000 	C:\WINDOWS\SYSTEM32\kernel.appcore.dll
0x00007fff8e0f0000 - 0x00007fff8e0fa000 	C:\Users\harry\Downloads\jdk-19_windows-x64_bin\jdk-19\bin\jimage.dll
0x00007fffa1020000 - 0x00007fffa124e000 	C:\WINDOWS\SYSTEM32\DBGHELP.DLL
0x00007fffa50e0000 - 0x00007fffa546a000 	C:\WINDOWS\System32\combase.dll
0x00007fffa5d70000 - 0x00007fffa5e47000 	C:\WINDOWS\System32\OLEAUT32.dll
0x00007fff99e50000 - 0x00007fff99e82000 	C:\WINDOWS\SYSTEM32\dbgcore.DLL
0x00007fffa33d0000 - 0x00007fffa344b000 	C:\WINDOWS\System32\bcryptPrimitives.dll
0x00007fff881c0000 - 0x00007fff881e6000 	C:\Users\harry\Downloads\jdk-19_windows-x64_bin\jdk-19\bin\java.dll
0x00007fff64f80000 - 0x00007fff65057000 	C:\Users\harry\Downloads\jdk-19_windows-x64_bin\jdk-19\bin\jsvml.dll
0x00007fffa4320000 - 0x00007fffa4b0f000 	C:\WINDOWS\System32\SHELL32.dll
0x00007fffa13b0000 - 0x00007fffa1c78000 	C:\WINDOWS\SYSTEM32\windows.storage.dll
0x00007fffa1270000 - 0x00007fffa13ae000 	C:\WINDOWS\SYSTEM32\wintypes.dll
0x00007fffa5ac0000 - 0x00007fffa5bb1000 	C:\WINDOWS\System32\SHCORE.dll
0x00007fffa3ea0000 - 0x00007fffa3efe000 	C:\WINDOWS\System32\shlwapi.dll
0x00007fffa3300000 - 0x00007fffa3321000 	C:\WINDOWS\SYSTEM32\profapi.dll
0x00007fff86d20000 - 0x00007fff86d33000 	C:\Users\harry\Downloads\jdk-19_windows-x64_bin\jdk-19\bin\net.dll
0x00007fff9c440000 - 0x00007fff9c56f000 	C:\WINDOWS\SYSTEM32\WINHTTP.dll
0x00007fffa2890000 - 0x00007fffa28f9000 	C:\WINDOWS\system32\mswsock.dll
0x00007fff84a30000 - 0x00007fff84a46000 	C:\Users\harry\Downloads\jdk-19_windows-x64_bin\jdk-19\bin\nio.dll
0x00007fff878d0000 - 0x00007fff878e8000 	C:\Users\harry\Downloads\jdk-19_windows-x64_bin\jdk-19\bin\zip.dll
0x00007fff6ab30000 - 0x00007fff6acc1000 	C:\Users\harry\Downloads\jdk-19_windows-x64_bin\jdk-19\bin\awt.dll
0x00007fffa0500000 - 0x00007fffa0597000 	C:\WINDOWS\SYSTEM32\apphelp.dll
0x00007fffa0910000 - 0x00007fffa093b000 	C:\WINDOWS\system32\DWMAPI.DLL
0x00007fffa06b0000 - 0x00007fffa075b000 	C:\WINDOWS\system32\uxtheme.dll
0x00007fff6aa30000 - 0x00007fff6ab30000 	C:\WINDOWS\system32\opengl32.dll
0x00007fff6ade0000 - 0x00007fff6ae0d000 	C:\WINDOWS\SYSTEM32\GLU32.dll
0x00007fffa07c0000 - 0x00007fffa07f6000 	C:\WINDOWS\SYSTEM32\dxcore.dll
0x00007fffa56b0000 - 0x00007fffa57ce000 	C:\WINDOWS\System32\MSCTF.dll
0x00007fffa4150000 - 0x00007fffa42ec000 	C:\WINDOWS\System32\ole32.dll
0x00007fff94ec0000 - 0x00007fff95069000 	C:\WINDOWS\system32\d3d9.dll
0x00007fff8e320000 - 0x00007fff8e4fb000 	C:\WINDOWS\System32\DriverStore\FileRepository\u0371182.inf_amd64_e046f8d87ec91fad\B371034\aticfx64.dll
0x00007fff6ada0000 - 0x00007fff6add3000 	C:\WINDOWS\System32\DriverStore\FileRepository\u0371182.inf_amd64_e046f8d87ec91fad\B371034\atiu9p64.dll
0x00007fff582b0000 - 0x00007fff58fbc000 	C:\WINDOWS\System32\DriverStore\FileRepository\u0371182.inf_amd64_e046f8d87ec91fad\B371034\atiumd64.dll
0x0000000062670000 - 0x000000006352e000 	C:\WINDOWS\System32\DriverStore\FileRepository\u0371182.inf_amd64_e046f8d87ec91fad\B371034\atiumd6a.dll
0x00007fffa2cf0000 - 0x00007fffa2d18000 	C:\WINDOWS\SYSTEM32\bcrypt.dll
0x00007fffa2e80000 - 0x00007fffa2ecd000 	C:\WINDOWS\SYSTEM32\POWRPROF.dll
0x00007fffa2e20000 - 0x00007fffa2e33000 	C:\WINDOWS\SYSTEM32\UMPDC.dll
0x00007fff98c00000 - 0x00007fff98c2f000 	C:\WINDOWS\SYSTEM32\amdihk64.dll
0x00007fff97880000 - 0x00007fff978c9000 	C:\WINDOWS\SYSTEM32\directxdatabasehelper.dll
0x00007fff6a9a0000 - 0x00007fff6aa26000 	C:\Users\harry\Downloads\jdk-19_windows-x64_bin\jdk-19\bin\freetype.dll
0x00007fff6a8f0000 - 0x00007fff6a999000 	C:\Users\harry\Downloads\jdk-19_windows-x64_bin\jdk-19\bin\fontmanager.dll
0x00007fff8a7a0000 - 0x00007fff8a7ce000 	C:\Users\harry\Downloads\jdk-19_windows-x64_bin\jdk-19\bin\javajpeg.dll
0x00007fff8e510000 - 0x00007fff8e63d000 	C:\WINDOWS\SYSTEM32\textinputframework.dll

dbghelp: loaded successfully - version: 4.0.5 - missing functions: none
symbol engine: initialized successfully - sym options: 0x614 - pdb path: .;C:\Users\harry\Downloads\jdk-19_windows-x64_bin\jdk-19\bin;C:\WINDOWS\SYSTEM32;C:\WINDOWS\WinSxS\amd64_microsoft.windows.common-controls_6595b64144ccf1df_6.0.22621.608_none_a9444ca7c10bb01d;C:\Users\harry\Downloads\jdk-19_windows-x64_bin\jdk-19\bin\server;C:\WINDOWS\System32\DriverStore\FileRepository\u0371182.inf_amd64_e046f8d87ec91fad\B371034

VM Arguments:
jvm_args: --enable-preview -XX:+ShowCodeDetailsInExceptionMessages 
java_command: Admin
java_class_path (initial): C:\Users\harry\AppData\Roaming\Code\User\workspaceStorage\7ed57787b68b6dc1c5643fa89dc496e5\redhat.java\jdt_ws\House-construction-management-system_80786456\bin;c:\Users\harry\Downloads\postgresql-42.5.1.jar
Launcher Type: SUN_STANDARD

[Global flags]
     intx CICompilerCount                          = 4                                         {product} {ergonomic}
     uint ConcGCThreads                            = 3                                         {product} {ergonomic}
     uint G1ConcRefinementThreads                  = 10                                        {product} {ergonomic}
   size_t G1HeapRegionSize                         = 1048576                                   {product} {ergonomic}
    uintx GCDrainStackTargetSize                   = 64                                        {product} {ergonomic}
   size_t InitialHeapSize                          = 123731968                                 {product} {ergonomic}
   size_t MarkStackSize                            = 4194304                                   {product} {ergonomic}
   size_t MaxHeapSize                              = 1971322880                                {product} {ergonomic}
   size_t MaxNewSize                               = 1182793728                                {product} {ergonomic}
   size_t MinHeapDeltaBytes                        = 1048576                                   {product} {ergonomic}
   size_t MinHeapSize                              = 8388608                                   {product} {ergonomic}
    uintx NonNMethodCodeHeapSize                   = 5839372                                {pd product} {ergonomic}
    uintx NonProfiledCodeHeapSize                  = 122909434                              {pd product} {ergonomic}
    uintx ProfiledCodeHeapSize                     = 122909434                              {pd product} {ergonomic}
    uintx ReservedCodeCacheSize                    = 251658240                              {pd product} {ergonomic}
     bool SegmentedCodeCache                       = true                                      {product} {ergonomic}
     bool ShowCodeDetailsInExceptionMessages       = true                                   {manageable} {command line}
   size_t SoftMaxHeapSize                          = 1971322880                             {manageable} {ergonomic}
     bool UseCompressedClassPointers               = true                           {product lp64_product} {ergonomic}
     bool UseCompressedOops                        = true                           {product lp64_product} {ergonomic}
     bool UseG1GC                                  = true                                      {product} {ergonomic}
     bool UseLargePagesIndividualAllocation        = false                                  {pd product} {ergonomic}

Logging:
Log output configuration:
 #0: stdout all=warning uptime,level,tags foldmultilines=false
 #1: stderr all=off uptime,level,tags foldmultilines=false

Environment Variables:
PATH=C:\Windows\system32;C:\Windows;C:\Windows\System32\Wbem;C:\Windows\System32\WindowsPowerShell\v1.0\;C:\Windows\System32\OpenSSH\;C:\Program Files\mingw-w64\mingw64\bin;C:\Program Files\NVIDIA Corporation\NVIDIA NvDLISR;C:\WINDOWS\system32;C:\WINDOWS;C:\WINDOWS\System32\Wbem;C:\WINDOWS\System32\WindowsPowerShell\v1.0\;C:\WINDOWS\System32\OpenSSH\;C:\Program Files\dotnet\;C:\Program Files\010 Editor;C:\TDM-GCC-64\bin;C:\Program Files\Go\bin;C:\Program Files\Git\cmd;C:\Program Files\nodejs\;C:\Users\harry\AppData\Local\Programs\Python\Python310\Scripts\;C:\Users\harry\AppData\Local\Programs\Python\Python310\;C:\Users\harry\AppData\Local\Microsoft\WindowsApps;C:\Users\harry\AppData\Local\Programs\Microsoft VS Code\bin;C:\Users\harry\go\bin;C:\Users\harry\AppData\Local\GitHubDesktop\bin;C:\Users\harry\AppData\Roaming\npm;C:\Program Files\PostgreSQL\14\bin;C:\Program Files\PostgreSQL\14\lib;
USERNAME=harry
LANG=en_US.UTF-8
OS=Windows_NT
PROCESSOR_IDENTIFIER=AMD64 Family 23 Model 104 Stepping 1, AuthenticAMD
TMP=C:\Users\harry\AppData\Local\Temp
TEMP=C:\Users\harry\AppData\Local\Temp



---------------  S Y S T E M  ---------------

OS:
 Windows 11 , 64 bit Build 22621 (10.0.22621.1105)
OS uptime: 8 days 23:39 hours
Hyper-V role detected

CPU: total 12 (initial active 12) (12 cores per cpu, 2 threads per core) family 23 model 104 stepping 1 microcode 0x0, cx8, cmov, fxsr, ht, mmx, 3dnowpref, sse, sse2, sse3, ssse3, sse4a, sse4.1, sse4.2, popcnt, lzcnt, tsc, tscinvbit, avx, avx2, aes, clmul, bmi1, bmi2, adx, sha, fma, vzeroupper, clflush, clflushopt, hv, rdtscp, rdpid

Memory: 4k page, system-wide physical 7514M (217M free)
TotalPageFile size 31066M (AvailPageFile size 4M)
current process WorkingSet (physical memory assigned to process): 127M, peak: 128M
current process commit charge ("private bytes"): 265M, peak: 266M

vm_info: Java HotSpot(TM) 64-Bit Server VM (19+36-2238) for windows-amd64 JRE (19+36-2238), built on 2022-08-12T20:29:01Z by "mach5one" with MS VC++ 17.1 (VS2022)

END.
